

*******************************************************************************
Thu Apr 21 15:49:15 2016


FIT:    data read from "MyIntegral.dat" u 1:3
        format = x:z
        #datapoints = 200
        residuals are weighted equally (unit weight)

function used for fitting: f(x)
	f(x) = a*x**b
fitted parameters initialized with current variable values

iter      chisq       delta/lim  lambda   a             b            
   0 5.6931442080e+04   0.00e+00  1.92e+03    3.930117e+04  -4.862328e-01
   1 5.6931265647e+04  -3.10e-01  1.92e+02    3.930396e+04  -4.862460e-01

After 1 iterations the fit converged.
final sum of squares of residuals : 56931.3
rel. change during last iteration : -3.09904e-06

degrees of freedom    (FIT_NDF)                        : 198
rms of residuals      (FIT_STDFIT) = sqrt(WSSR/ndf)    : 16.9568
variance of residuals (reduced chisquare) = WSSR/ndf   : 287.532

Final set of parameters            Asymptotic Standard Error
=======================            ==========================
a               = 39304            +/- 276.1        (0.7024%)
b               = -0.486246        +/- 0.00097      (0.1995%)

correlation matrix of the fit parameters:
                a      b      
a               1.000 
b              -0.973  1.000 
